[WARNING] Disabling enhanced local repository: using legacy is strongly discouraged to ensure build reproducibility.
[INFO] Scanning for projects...
[INFO] 
[INFO] Using the builder org.apache.maven.lifecycle.internal.builder.singlethreaded.SingleThreadedBuilder with a thread count of 1
[INFO]                                                                         
[INFO] ------------------------------------------------------------------------
[INFO] Building LOCAL_PROJECT LOAD_Shareholder-0.1.0 (0.1,Jobs) 0.1.0
[INFO] ------------------------------------------------------------------------
[WARNING] The POM for org.antlr:ST4:jar:4.0.7 is missing, no dependency information available
[WARNING] The POM for biz.aQute.bnd:annotation:jar:2.4.0 is missing, no dependency information available
[WARNING] The POM for antlr:antlr:jar:2.7.7 is missing, no dependency information available
[WARNING] The POM for org.antlr:antlr-runtime:jar:3.5 is missing, no dependency information available
[WARNING] The POM for org.antlr:antlr4-runtime:jar:4.6 is missing, no dependency information available
[WARNING] The POM for com.google.auto:auto-common:jar:0.3 is missing, no dependency information available
[WARNING] The POM for com.google.auto.service:auto-service:jar:1.0-rc2 is missing, no dependency information available
[WARNING] The POM for org.apache.avro:avro:jar:1.8.1 is missing, no dependency information available
[WARNING] The POM for commons-beanutils:commons-beanutils:jar:1.8.3 is missing, no dependency information available
[WARNING] The POM for commons-codec:commons-codec:jar:1.10 is missing, no dependency information available
[WARNING] The POM for commons-collections:commons-collections:jar:3.2.2 is missing, no dependency information available
[WARNING] The POM for org.apache.commons:commons-compress:jar:1.8.1 is missing, no dependency information available
[WARNING] The POM for org.apache.commons:commons-lang3:jar:3.7 is missing, no dependency information available
[WARNING] The POM for commons-logging:commons-logging:jar:1.2 is missing, no dependency information available
[WARNING] The POM for org.talend.components:components-api:jar:0.25.3 is missing, no dependency information available
[WARNING] The POM for org.talend.components:components-common:jar:0.25.3 is missing, no dependency information available
[WARNING] The POM for org.talend.components:components-common-oauth:jar:0.25.3 is missing, no dependency information available
[WARNING] The POM for org.talend.components:components-salesforce-definition:jar:0.25.3 is missing, no dependency information available
[WARNING] The POM for org.talend.components:components-salesforce-runtime:jar:0.25.3 is missing, no dependency information available
[WARNING] The POM for org.talend.daikon:daikon:jar:0.27.0 is missing, no dependency information available
[WARNING] The POM for com.force.api:force-partner-api:jar:44.0.0 is missing, no dependency information available
[WARNING] The POM for com.force.api:force-wsc:jar:44.0.0 is missing, no dependency information available
[WARNING] The POM for com.google.guava:guava:jar:20.0 is missing, no dependency information available
[WARNING] The POM for org.apache.httpcomponents:httpclient:jar:4.5.5 is missing, no dependency information available
[WARNING] The POM for org.apache.httpcomponents:httpcore:jar:4.4.9 is missing, no dependency information available
[WARNING] The POM for com.fasterxml.jackson.core:jackson-annotations:jar:2.9.0 is missing, no dependency information available
[WARNING] The POM for com.fasterxml.jackson.core:jackson-core:jar:2.9.5 is missing, no dependency information available
[WARNING] The POM for org.codehaus.jackson:jackson-core-asl:jar:1.9.14-TALEND is missing, no dependency information available
[WARNING] The POM for org.codehaus.jackson:jackson-mapper-asl:jar:1.9.14-TALEND is missing, no dependency information available
[WARNING] The POM for net.sourceforge.javacsv:javacsv:jar:2.0 is missing, no dependency information available
[WARNING] The POM for javax.inject:javax.inject:jar:1 is missing, no dependency information available
[WARNING] The POM for javax.servlet:javax.servlet-api:jar:3.1.0 is missing, no dependency information available
[WARNING] The POM for org.slf4j:jcl-over-slf4j:jar:1.7.25 is missing, no dependency information available
[WARNING] The POM for joda-time:joda-time:jar:2.8.2 is missing, no dependency information available
[WARNING] The POM for org.json:json:jar:20140107 is missing, no dependency information available
[WARNING] The POM for com.cedarsoftware:json-io:jar:4.9.9-TALEND is missing, no dependency information available
[WARNING] The POM for log4j:log4j:jar:1.2.17 is missing, no dependency information available
[WARNING] The POM for org.apache.oltu.oauth2:org.apache.oltu.oauth2.client:jar:1.0.0 is missing, no dependency information available
[WARNING] The POM for org.apache.oltu.oauth2:org.apache.oltu.oauth2.common:jar:1.0.0 is missing, no dependency information available
[WARNING] The POM for com.thoughtworks.paranamer:paranamer:jar:2.7 is missing, no dependency information available
[WARNING] The POM for org.ops4j.pax.url:pax-url-aether:jar:2.4.7 is missing, no dependency information available
[WARNING] The POM for org.slf4j:slf4j-api:jar:1.7.25 is missing, no dependency information available
[WARNING] The POM for org.xerial.snappy:snappy-java:jar:1.1.1.3 is missing, no dependency information available
[WARNING] The POM for org.antlr:stringtemplate:jar:3.2.1 is missing, no dependency information available
[INFO] 
[INFO] --- maven-resources-plugin:3.0.2:resources (default-resources) @ LOAD_Shareholder ---
[WARNING] Using platform encoding (UTF-8 actually) to copy filtered resources, i.e. build is platform dependent!
[INFO] Copying 1 resource
[INFO] 
[INFO] --- maven-compiler-plugin:3.6.1:compile (default-compile) @ LOAD_Shareholder ---
[INFO] Not compiling main sources
[INFO] 
[INFO] --- maven-resources-plugin:3.0.2:testResources (default-testResources) @ LOAD_Shareholder ---
[INFO] Not copying test resources
[INFO] 
[INFO] --- maven-compiler-plugin:3.6.1:testCompile (default-testCompile) @ LOAD_Shareholder ---
[INFO] Not compiling test sources
[INFO] 
[INFO] --- maven-surefire-plugin:2.20:test (default-test) @ LOAD_Shareholder ---
[INFO] Tests are skipped.
[INFO] 
[INFO] --- maven-jar-plugin:3.0.2:jar (default-jar) @ LOAD_Shareholder ---
[INFO] Building jar: C:\Users\Cillia\Desktop\Technip\workspace\LOCAL_PROJECT\poms\jobs\process\TechNip\load_shareholder_0.1\target\load_shareholder_0_1.jar
[INFO] 
[INFO] --- maven-assembly-plugin:3.0.0:single (default) @ LOAD_Shareholder ---
[INFO] Reading assembly descriptor: C:\Users\Cillia\Desktop\Technip\workspace\LOCAL_PROJECT\poms\jobs\process\TechNip\load_shareholder_0.1/src/main/assemblies/assembly.xml
[WARNING] Missing POM for org.antlr:ST4:jar:4.0.7
[WARNING] Missing POM for biz.aQute.bnd:annotation:jar:2.4.0
[WARNING] Missing POM for antlr:antlr:jar:2.7.7
[WARNING] Missing POM for org.antlr:antlr-runtime:jar:3.5
[WARNING] Missing POM for org.antlr:antlr4-runtime:jar:4.6
[WARNING] Missing POM for com.google.auto:auto-common:jar:0.3
[WARNING] Missing POM for com.google.auto.service:auto-service:jar:1.0-rc2
[WARNING] Missing POM for org.apache.avro:avro:jar:1.8.1
[WARNING] Missing POM for commons-beanutils:commons-beanutils:jar:1.8.3
[WARNING] Missing POM for commons-codec:commons-codec:jar:1.10
[WARNING] Missing POM for commons-collections:commons-collections:jar:3.2.2
[WARNING] Missing POM for org.apache.commons:commons-compress:jar:1.8.1
[WARNING] Missing POM for org.apache.commons:commons-lang3:jar:3.7
[WARNING] Missing POM for commons-logging:commons-logging:jar:1.2
[WARNING] Missing POM for org.talend.components:components-api:jar:0.25.3
[WARNING] Missing POM for org.talend.components:components-common:jar:0.25.3
[WARNING] Missing POM for org.talend.components:components-common-oauth:jar:0.25.3
[WARNING] Missing POM for org.talend.components:components-salesforce-definition:jar:0.25.3
[WARNING] Missing POM for org.talend.components:components-salesforce-runtime:jar:0.25.3
[WARNING] Missing POM for org.talend.daikon:daikon:jar:0.27.0
[WARNING] Missing POM for com.force.api:force-partner-api:jar:44.0.0
[WARNING] Missing POM for com.force.api:force-wsc:jar:44.0.0
[WARNING] Missing POM for com.google.guava:guava:jar:20.0
[WARNING] Missing POM for org.apache.httpcomponents:httpclient:jar:4.5.5
[WARNING] Missing POM for org.apache.httpcomponents:httpcore:jar:4.4.9
[WARNING] Missing POM for com.fasterxml.jackson.core:jackson-annotations:jar:2.9.0
[WARNING] Missing POM for com.fasterxml.jackson.core:jackson-core:jar:2.9.5
[WARNING] Missing POM for org.codehaus.jackson:jackson-core-asl:jar:1.9.14-TALEND
[WARNING] Missing POM for org.codehaus.jackson:jackson-mapper-asl:jar:1.9.14-TALEND
[WARNING] Missing POM for net.sourceforge.javacsv:javacsv:jar:2.0
[WARNING] Missing POM for javax.inject:javax.inject:jar:1
[WARNING] Missing POM for javax.servlet:javax.servlet-api:jar:3.1.0
[WARNING] Missing POM for org.slf4j:jcl-over-slf4j:jar:1.7.25
[WARNING] Missing POM for joda-time:joda-time:jar:2.8.2
[WARNING] Missing POM for org.json:json:jar:20140107
[WARNING] Missing POM for com.cedarsoftware:json-io:jar:4.9.9-TALEND
[WARNING] Missing POM for log4j:log4j:jar:1.2.17
[WARNING] Missing POM for org.apache.oltu.oauth2:org.apache.oltu.oauth2.client:jar:1.0.0
[WARNING] Missing POM for org.apache.oltu.oauth2:org.apache.oltu.oauth2.common:jar:1.0.0
[WARNING] Missing POM for com.thoughtworks.paranamer:paranamer:jar:2.7
[WARNING] Missing POM for org.ops4j.pax.url:pax-url-aether:jar:2.4.7
[WARNING] Missing POM for org.slf4j:slf4j-api:jar:1.7.25
[WARNING] Missing POM for org.xerial.snappy:snappy-java:jar:1.1.1.3
[WARNING] Missing POM for org.antlr:stringtemplate:jar:3.2.1
[INFO] Building zip: C:\Users\Cillia\Desktop\Technip\workspace\LOCAL_PROJECT\poms\jobs\process\TechNip\load_shareholder_0.1\target\load_shareholder_0_1.zip
[INFO] ------------------------------------------------------------------------
[INFO] BUILD SUCCESS
[INFO] ------------------------------------------------------------------------
[INFO] Total time: 2.944 s
[INFO] Finished at: 2019-11-04T11:24:58+01:00
[INFO] Final Memory: 11M/247M
[INFO] ------------------------------------------------------------------------
